<?xml version="1.0" encoding="UTF-8"?>
<!-- Generated by org.testng.reporters.JUnitReportReporter -->
<testsuite hostname="DESKTOP-FPHIKD9" failures="0" tests="4" name="BaseClass.LoginTest" time="1.924" errors="0" timestamp="2025-05-24T15:58:41 IST" skipped="0">
  <testcase classname="BaseClass.LoginTest" name="validateTitle" time="0.181"/>
  <system-out/>
  <testcase classname="BaseClass.LoginTest" name="validateUrl" time="0.184"/>
  <system-out/>
  <testcase classname="BaseClass.LoginTest" name="validateUrl" time="0.095"/>
  <system-out/>
  <testcase classname="BaseClass.LoginTest" name="validateTitle" time="1.464"/>
  <system-out/>
</testsuite> <!-- BaseClass.LoginTest -->
